<?xml version="1.0" encoding="UTF-8"?>
<!-- Generated by org.testng.reporters.JUnitReportReporter -->
<testsuite hostname="DESKTOP-AEI6VM2" failures="0" tests="1" name="com.gmail.GmailLogin" time="31.784" errors="0" timestamp="2021-02-11T12:33:32 BDT" skipped="0">
  <testcase classname="com.gmail.GmailLogin" name="login" time="31.784"/>
  <system-out/>
</testsuite> <!-- com.gmail.GmailLogin -->
