<?xml version="1.0" encoding="UTF-8"?>
<!-- Generated by org.testng.reporters.JUnitReportReporter -->
<testsuite hostname="DESKTOP-AEI6VM2" failures="0" tests="1" name="com.message.SendMessage" time="23.877" errors="0" timestamp="2021-02-11T12:52:52 BDT" skipped="0">
  <testcase classname="com.message.SendMessage" name="login" time="23.877"/>
  <system-out/>
</testsuite> <!-- com.message.SendMessage -->
