<?xml version="1.0" encoding="UTF-8"?>
<!-- Generated by org.testng.reporters.JUnitReportReporter -->
<testsuite hostname="DESKTOP-AEI6VM2" failures="0" tests="2" name="com.message.GmailLogin" time="13.382" errors="0" timestamp="2021-02-11T13:52:33 BDT" skipped="0">
  <testcase classname="com.message.GmailLogin" name="sendMessage" time="10.038"/>
  <system-out/>
  <testcase classname="com.message.GmailLogin" name="validateMessage" time="3.344"/>
  <system-out/>
</testsuite> <!-- com.message.GmailLogin -->
